<?xml version="1.0" encoding="UTF-8"?>
<testsuite name="retriever.WeatherRetrieverTest" tests="2" skipped="0" failures="0" errors="0" timestamp="2018-07-07T03:33:04" hostname="fahmi-pc" time="0.0">
  <properties/>
  <testcase name="testGetCityId" classname="retriever.WeatherRetrieverTest" time="0.0"/>
  <testcase name="testGetGetUrl" classname="retriever.WeatherRetrieverTest" time="0.0"/>
  <system-out><![CDATA[]]></system-out>
  <system-err><![CDATA[]]></system-err>
</testsuite>
